<?xml version="1.0" encoding="UTF-8"?>
<!-- Generated by org.testng.reporters.JUnitReportReporter -->
<testsuite hostname="CHANDU-PC" failures="0" tests="4" name="TestRunner.TestCases" time="5.532" errors="0" timestamp="2022-09-09T16:24:20 IST" skipped="0">
  <testcase classname="TestRunner.TestCases" name="testcase2" time="0.834"/>
  <system-out/>
  <testcase classname="TestRunner.TestCases" name="testcase1" time="2.640"/>
  <system-out/>
  <testcase classname="TestRunner.TestCases" name="testcase3" time="2.003"/>
  <system-out/>
  <testcase classname="TestRunner.TestCases" name="testcase4" time="0.055"/>
  <system-out/>
</testsuite> <!-- TestRunner.TestCases -->
